2025-06-11 01:56:30,059 | Running scraper: scrapers.site1_scraper
2025-06-11 01:56:30,062 | Running scraper: scrapers.site2_scraper
2025-06-11 01:56:47,291 | Error running scraper scrapers.site2_scraper: Message: 
Stacktrace:
#0 0x561b266b7d9e <unknown>
#1 0x561b26156fab <unknown>
#2 0x561b261a13b4 <unknown>
#3 0x561b261a1541 <unknown>
#4 0x561b261ee9f4 <unknown>
#5 0x561b261cb4fd <unknown>
#6 0x561b261ec915 <unknown>
#7 0x561b261cb283 <unknown>
#8 0x561b261950c9 <unknown>
#9 0x561b26195e78 <unknown>
#10 0x561b26683f5a <unknown>
#11 0x561b266873ae <unknown>
#12 0x561b26686e58 <unknown>
#13 0x561b26687845 <unknown>
#14 0x561b2666d38b <unknown>
#15 0x561b26687bb0 <unknown>
#16 0x561b26656339 <unknown>
#17 0x561b266a68b5 <unknown>
#18 0x561b266a6a9b <unknown>
#19 0x561b266b6f15 <unknown>
#20 0x7f86ba2a81f5 <unknown>

2025-06-11 01:56:47,315 | Produced event to topic sql_queue: partition=0, value={"text": "\u201cThe world as we have created it is a process of our thinking. It cannot be changed without changing our thinking.\u201d", "author": "Albert Einstein", "tags": ["change", "deep-thoughts", "thinking", "world"]}
2025-06-11 01:56:47,317 | Produced event to topic sql_queue: partition=0, value={"text": "\u201cIt is our choices, Harry, that show what we truly are, far more than our abilities.\u201d", "author": "J.K. Rowling", "tags": ["abilities", "choices"]}
2025-06-11 01:56:47,318 | Produced event to topic sql_queue: partition=0, value={"text": "\u201cThere are only two ways to live your life. One is as though nothing is a miracle. The other is as though everything is a miracle.\u201d", "author": "Albert Einstein", "tags": ["inspirational", "life", "live", "miracle", "miracles"]}
2025-06-11 01:56:47,319 | Produced event to topic sql_queue: partition=0, value={"text": "\u201cThe person, be it gentleman or lady, who has not pleasure in a good novel, must be intolerably stupid.\u201d", "author": "Jane Austen", "tags": ["aliteracy", "books", "classic", "humor"]}
2025-06-11 01:56:47,322 | Produced event to topic sql_queue: partition=0, value={"text": "\u201cImperfection is beauty, madness is genius and it's better to be absolutely ridiculous than absolutely boring.\u201d", "author": "Marilyn Monroe", "tags": ["be-yourself", "inspirational"]}
2025-06-11 01:56:47,323 | Produced event to topic sql_queue: partition=0, value={"text": "\u201cTry not to become a man of success. Rather become a man of value.\u201d", "author": "Albert Einstein", "tags": ["adulthood", "success", "value"]}
2025-06-11 01:56:47,324 | Produced event to topic sql_queue: partition=0, value={"text": "\u201cIt is better to be hated for what you are than to be loved for what you are not.\u201d", "author": "Andr\u00e9 Gide", "tags": ["life", "love"]}
2025-06-11 01:56:47,325 | Produced event to topic sql_queue: partition=0, value={"text": "\u201cI have not failed. I've just found 10,000 ways that won't work.\u201d", "author": "Thomas A. Edison", "tags": ["edison", "failure", "inspirational", "paraphrased"]}
2025-06-11 01:56:47,326 | Produced event to topic sql_queue: partition=0, value={"text": "\u201cA woman is like a tea bag; you never know how strong it is until it's in hot water.\u201d", "author": "Eleanor Roosevelt", "tags": ["misattributed-eleanor-roosevelt"]}
2025-06-11 01:56:47,327 | Produced event to topic sql_queue: partition=0, value={"text": "\u201cA day without sunshine is like, you know, night.\u201d", "author": "Steve Martin", "tags": ["humor", "obvious", "simile"]}
2025-06-11 01:56:47,328 | Produced event to topic sql_queue: partition=0, value={"type": "done"}
